<?xml version="1.0" encoding="UTF-8"?>
<testng-results ignored="0" total="4" passed="4" failed="0" skipped="0">
  <reporter-output>
  </reporter-output>
  <suite started-at="2026-07-20T12:25:42 IST" name="API Suite" finished-at="2026-07-20T12:25:49 IST" duration-ms="7546">
    <groups>
    </groups>
    <test started-at="2026-07-20T12:25:42 IST" name="getusers" finished-at="2026-07-20T12:25:44 IST" duration-ms="2740">
      <class name="com.api.test.GetRequest">
        <test-method is-config="true" signature="setup(java.lang.String)[pri:0, instance:com.api.test.GetRequest@5f20155b]" started-at="2026-07-20T12:25:42 IST" name="setup" finished-at="2026-07-20T12:25:42 IST" duration-ms="437" status="PASS">
          <params>
            <param index="0">
              <value>
                <![CDATA[https://gorest.co.in/]]>
              </value>
            </param>
          </params>
          <reporter-output>
          </reporter-output>
        </test-method> <!-- setup -->
        <test-method is-config="true" signature="getRequestSetup()[pri:0, instance:com.api.test.GetRequest@5f20155b]" started-at="2026-07-20T12:25:42 IST" name="getRequestSetup" finished-at="2026-07-20T12:25:42 IST" duration-ms="95" status="PASS">
          <reporter-output>
          </reporter-output>
        </test-method> <!-- getRequestSetup -->
        <test-method signature="get_all_users_Test()[pri:0, instance:com.api.test.GetRequest@5f20155b]" started-at="2026-07-20T12:25:42 IST" name="get_all_users_Test" finished-at="2026-07-20T12:25:44 IST" duration-ms="2120" status="PASS">
          <reporter-output>
          </reporter-output>
        </test-method> <!-- get_all_users_Test -->
      </class> <!-- com.api.test.GetRequest -->
    </test> <!-- getusers -->
    <test started-at="2026-07-20T12:25:44 IST" name="createuser" finished-at="2026-07-20T12:25:49 IST" duration-ms="4781">
      <class name="com.api.test.CreateUserRequest">
        <test-method is-config="true" signature="setup(java.lang.String)[pri:0, instance:com.api.test.CreateUserRequest@50313382]" started-at="2026-07-20T12:25:44 IST" name="setup" finished-at="2026-07-20T12:25:44 IST" duration-ms="1" status="PASS">
          <params>
            <param index="0">
              <value>
                <![CDATA[https://gorest.co.in/]]>
              </value>
            </param>
          </params>
          <reporter-output>
          </reporter-output>
        </test-method> <!-- setup -->
        <test-method is-config="true" signature="getUserSetUP()[pri:0, instance:com.api.test.CreateUserRequest@50313382]" started-at="2026-07-20T12:25:44 IST" name="getUserSetUP" finished-at="2026-07-20T12:25:44 IST" duration-ms="1" status="PASS">
          <reporter-output>
          </reporter-output>
        </test-method> <!-- getUserSetUP -->
        <test-method signature="createUserRequestTest(java.lang.String, java.lang.String, java.lang.String)[pri:0, instance:com.api.test.CreateUserRequest@50313382]" started-at="2026-07-20T12:25:44 IST" name="createUserRequestTest" data-provider="createUserTestData" finished-at="2026-07-20T12:25:47 IST" duration-ms="2293" status="PASS">
          <params>
            <param index="0">
              <value>
                <![CDATA[meg]]>
              </value>
            </param>
            <param index="1">
              <value>
                <![CDATA[female]]>
              </value>
            </param>
            <param index="2">
              <value>
                <![CDATA[active]]>
              </value>
            </param>
          </params>
          <reporter-output>
          </reporter-output>
        </test-method> <!-- createUserRequestTest -->
        <test-method is-config="true" signature="getUserSetUP()[pri:0, instance:com.api.test.CreateUserRequest@50313382]" started-at="2026-07-20T12:25:47 IST" name="getUserSetUP" finished-at="2026-07-20T12:25:47 IST" duration-ms="0" status="PASS">
          <reporter-output>
          </reporter-output>
        </test-method> <!-- getUserSetUP -->
        <test-method signature="createUserRequestTest(java.lang.String, java.lang.String, java.lang.String)[pri:0, instance:com.api.test.CreateUserRequest@50313382]" started-at="2026-07-20T12:25:47 IST" name="createUserRequestTest" data-provider="createUserTestData" finished-at="2026-07-20T12:25:48 IST" duration-ms="1178" status="PASS">
          <params>
            <param index="0">
              <value>
                <![CDATA[na]]>
              </value>
            </param>
            <param index="1">
              <value>
                <![CDATA[female]]>
              </value>
            </param>
            <param index="2">
              <value>
                <![CDATA[inactive]]>
              </value>
            </param>
          </params>
          <reporter-output>
          </reporter-output>
        </test-method> <!-- createUserRequestTest -->
        <test-method is-config="true" signature="getUserSetUP()[pri:0, instance:com.api.test.CreateUserRequest@50313382]" started-at="2026-07-20T12:25:48 IST" name="getUserSetUP" finished-at="2026-07-20T12:25:48 IST" duration-ms="1" status="PASS">
          <reporter-output>
          </reporter-output>
        </test-method> <!-- getUserSetUP -->
        <test-method signature="createUserRequestTest(java.lang.String, java.lang.String, java.lang.String)[pri:0, instance:com.api.test.CreateUserRequest@50313382]" started-at="2026-07-20T12:25:48 IST" name="createUserRequestTest" data-provider="createUserTestData" finished-at="2026-07-20T12:25:49 IST" duration-ms="1294" status="PASS">
          <params>
            <param index="0">
              <value>
                <![CDATA[sada]]>
              </value>
            </param>
            <param index="1">
              <value>
                <![CDATA[male]]>
              </value>
            </param>
            <param index="2">
              <value>
                <![CDATA[active]]>
              </value>
            </param>
          </params>
          <reporter-output>
          </reporter-output>
        </test-method> <!-- createUserRequestTest -->
      </class> <!-- com.api.test.CreateUserRequest -->
    </test> <!-- createuser -->
  </suite> <!-- API Suite -->
</testng-results>
