<?xml version="1.0" encoding="UTF-8"?>
<testsuite xmlns:xsi="http://www.w3.org/2001/XMLSchema-instance" xsi:noNamespaceSchemaLocation="https://maven.apache.org/surefire/maven-surefire-plugin/xsd/surefire-test-report.xsd" name="TestSuite" time="8.521" tests="4" errors="0" skipped="0" failures="0">
  <properties>
[...]
</properties>
  <testcase name="get_all_users_Test" classname="com.api.test.GetRequest" time="2.083"/>
  <testcase name="createUserRequestTest" classname="com.api.test.CreateUserRequest" time="2.294"/>
  <testcase name="createUserRequestTest" classname="com.api.test.CreateUserRequest" time="1.18"/>
  <testcase name="createUserRequestTest" classname="com.api.test.CreateUserRequest" time="1.293"/>
</testsuite>