<?xml version="1.0" encoding="UTF-8"?>
<testng-results ignored="0" total="3" passed="3" failed="0" skipped="0">
  <reporter-output>
  </reporter-output>
  <suite started-at="2026-07-19T14:18:13 IST" name="API Suite" finished-at="2026-07-19T14:18:28 IST" duration-ms="14792">
    <groups>
    </groups>
    <test started-at="2026-07-19T14:18:13 IST" name="Test" finished-at="2026-07-19T14:18:28 IST" duration-ms="14792">
      <class name="com.api.test.CreateUserRequest">
        <test-method is-config="true" signature="setup(java.lang.String)[pri:0, instance:com.api.test.CreateUserRequest@503d687a]" started-at="2026-07-19T14:18:13 IST" name="setup" finished-at="2026-07-19T14:18:13 IST" duration-ms="48" status="PASS">
          <params>
            <param index="0">
              <value>
                <![CDATA[https://gorest.co.in/]]>
              </value>
            </param>
          </params>
          <reporter-output>
          </reporter-output>
        </test-method> <!-- setup -->
        <test-method is-config="true" signature="getUserSetUP()[pri:0, instance:com.api.test.CreateUserRequest@503d687a]" started-at="2026-07-19T14:18:13 IST" name="getUserSetUP" finished-at="2026-07-19T14:18:16 IST" duration-ms="2258" status="PASS">
          <reporter-output>
          </reporter-output>
        </test-method> <!-- getUserSetUP -->
        <test-method signature="createUserRequestTest(java.lang.String, java.lang.String, java.lang.String)[pri:0, instance:com.api.test.CreateUserRequest@503d687a]" started-at="2026-07-19T14:18:16 IST" name="createUserRequestTest" data-provider="createUserTestData" finished-at="2026-07-19T14:18:26 IST" duration-ms="10298" status="PASS">
          <params>
            <param index="0">
              <value>
                <![CDATA[meg]]>
              </value>
            </param>
            <param index="1">
              <value>
                <![CDATA[female]]>
              </value>
            </param>
            <param index="2">
              <value>
                <![CDATA[active]]>
              </value>
            </param>
          </params>
          <reporter-output>
          </reporter-output>
        </test-method> <!-- createUserRequestTest -->
        <test-method is-config="true" signature="getUserSetUP()[pri:0, instance:com.api.test.CreateUserRequest@503d687a]" started-at="2026-07-19T14:18:26 IST" name="getUserSetUP" finished-at="2026-07-19T14:18:26 IST" duration-ms="4" status="PASS">
          <reporter-output>
          </reporter-output>
        </test-method> <!-- getUserSetUP -->
        <test-method signature="createUserRequestTest(java.lang.String, java.lang.String, java.lang.String)[pri:0, instance:com.api.test.CreateUserRequest@503d687a]" started-at="2026-07-19T14:18:26 IST" name="createUserRequestTest" data-provider="createUserTestData" finished-at="2026-07-19T14:18:27 IST" duration-ms="1224" status="PASS">
          <params>
            <param index="0">
              <value>
                <![CDATA[na]]>
              </value>
            </param>
            <param index="1">
              <value>
                <![CDATA[female]]>
              </value>
            </param>
            <param index="2">
              <value>
                <![CDATA[inactive]]>
              </value>
            </param>
          </params>
          <reporter-output>
          </reporter-output>
        </test-method> <!-- createUserRequestTest -->
        <test-method is-config="true" signature="getUserSetUP()[pri:0, instance:com.api.test.CreateUserRequest@503d687a]" started-at="2026-07-19T14:18:27 IST" name="getUserSetUP" finished-at="2026-07-19T14:18:27 IST" duration-ms="2" status="PASS">
          <reporter-output>
          </reporter-output>
        </test-method> <!-- getUserSetUP -->
        <test-method signature="createUserRequestTest(java.lang.String, java.lang.String, java.lang.String)[pri:0, instance:com.api.test.CreateUserRequest@503d687a]" started-at="2026-07-19T14:18:27 IST" name="createUserRequestTest" data-provider="createUserTestData" finished-at="2026-07-19T14:18:28 IST" duration-ms="825" status="PASS">
          <params>
            <param index="0">
              <value>
                <![CDATA[sada]]>
              </value>
            </param>
            <param index="1">
              <value>
                <![CDATA[male]]>
              </value>
            </param>
            <param index="2">
              <value>
                <![CDATA[active]]>
              </value>
            </param>
          </params>
          <reporter-output>
          </reporter-output>
        </test-method> <!-- createUserRequestTest -->
      </class> <!-- com.api.test.CreateUserRequest -->
    </test> <!-- Test -->
  </suite> <!-- API Suite -->
</testng-results>
