<?xml version="1.0" encoding="UTF-8"?>
<!-- Generated by org.testng.reporters.JUnitReportReporter -->
<testsuite hostname="LAPTOP-QFBRAAUD" failures="0" tests="3" name="com.api.test.CreateUserRequest" time="14.611" errors="0" timestamp="2026-07-19T14:18:28 IST" skipped="0">
  <testcase classname="com.api.test.CreateUserRequest" name="createUserRequestTest" time="12.556"/>
  <testcase classname="com.api.test.CreateUserRequest" name="createUserRequestTest" time="1.228"/>
  <testcase classname="com.api.test.CreateUserRequest" name="createUserRequestTest" time="0.827"/>
</testsuite> <!-- com.api.test.CreateUserRequest -->
