<?xml version="1.0" encoding="UTF-8"?>
<!-- Generated by org.testng.reporters.JUnitReportReporter -->
<testsuite hostname="LAPTOP-QFBRAAUD" failures="0" tests="3" name="com.api.test.CreateUserRequest" time="4.767" errors="0" timestamp="2026-07-20T12:25:49 IST" skipped="0">
  <testcase classname="com.api.test.CreateUserRequest" name="createUserRequestTest" time="2.293"/>
  <testcase classname="com.api.test.CreateUserRequest" name="createUserRequestTest" time="1.179"/>
  <testcase classname="com.api.test.CreateUserRequest" name="createUserRequestTest" time="1.295"/>
</testsuite> <!-- com.api.test.CreateUserRequest -->
