<?xml version="1.0" encoding="UTF-8"?>
<!-- Generated by org.testng.reporters.JUnitXMLReporter -->
<testsuite ignored="0" hostname="LAPTOP-QFBRAAUD" failures="0" tests="3" name="createuser" time="4.781" errors="0" timestamp="2026-07-20T12:25:49 IST">
  <testcase classname="com.api.test.CreateUserRequest" name="createUserRequestTest" time="2.293"/>
  <testcase classname="com.api.test.CreateUserRequest" name="createUserRequestTest" time="1.178"/>
  <testcase classname="com.api.test.CreateUserRequest" name="createUserRequestTest" time="1.294"/>
</testsuite> <!-- createuser -->
