<?xml version="1.0" encoding="UTF-8"?>
<!-- Generated by org.testng.reporters.JUnitXMLReporter -->
<testsuite ignored="0" hostname="LAPTOP-QFBRAAUD" failures="0" tests="3" name="Test" time="14.792" errors="0" timestamp="2026-07-19T14:18:28 IST">
  <testcase classname="com.api.test.CreateUserRequest" name="createUserRequestTest" time="10.298"/>
  <testcase classname="com.api.test.CreateUserRequest" name="createUserRequestTest" time="1.224"/>
  <testcase classname="com.api.test.CreateUserRequest" name="createUserRequestTest" time="0.825"/>
</testsuite> <!-- Test -->
